[3773:3773:0206/193147:ERROR:browser_main_loop.cc(260)] <unknown>: Couldn't register with accessibility bus: Did not receive a reply. Possible causes include: the remote application did not send a reply, the message bus security policy blocked the reply, the reply timeout expired, or the network connection was broken.

(google-chrome:3773): dconf-CRITICAL **: unable to create directory '/run/user/0/dconf': 权限不够.  dconf will not work properly.

(google-chrome:3773): dconf-CRITICAL **: unable to create directory '/run/user/0/dconf': 权限不够.  dconf will not work properly.

(google-chrome:3773): dconf-CRITICAL **: unable to create directory '/run/user/0/dconf': 权限不够.  dconf will not work properly.

(google-chrome:3773): dconf-CRITICAL **: unable to create directory '/run/user/0/dconf': 权限不够.  dconf will not work properly.

(google-chrome:3773): dconf-CRITICAL **: unable to create directory '/run/user/0/dconf': 权限不够.  dconf will not work properly.

(google-chrome:3773): dconf-CRITICAL **: unable to create directory '/run/user/0/dconf': 权限不够.  dconf will not work properly.

(google-chrome:3773): dconf-CRITICAL **: unable to create directory '/run/user/0/dconf': 权限不够.  dconf will not work properly.

(google-chrome:3773): dconf-CRITICAL **: unable to create directory '/run/user/0/dconf': 权限不够.  dconf will not work properly.

(google-chrome:3773): dconf-CRITICAL **: unable to create directory '/run/user/0/dconf': 权限不够.  dconf will not work properly.

(google-chrome:3773): dconf-CRITICAL **: unable to create directory '/run/user/0/dconf': 权限不够.  dconf will not work properly.

(google-chrome:3773): dconf-CRITICAL **: unable to create directory '/run/user/0/dconf': 权限不够.  dconf will not work properly.

(google-chrome:3773): dconf-CRITICAL **: unable to create directory '/run/user/0/dconf': 权限不够.  dconf will not work properly.

(google-chrome:3773): dconf-CRITICAL **: unable to create directory '/run/user/0/dconf': 权限不够.  dconf will not work properly.

(google-chrome:3773): dconf-CRITICAL **: unable to create directory '/run/user/0/dconf': 权限不够.  dconf will not work properly.

(google-chrome:3773): dconf-CRITICAL **: unable to create directory '/run/user/0/dconf': 权限不够.  dconf will not work properly.

(google-chrome:3773): dconf-CRITICAL **: unable to create directory '/run/user/0/dconf': 权限不够.  dconf will not work properly.

(google-chrome:3773): dconf-CRITICAL **: unable to create directory '/run/user/0/dconf': 权限不够.  dconf will not work properly.

(google-chrome:3773): dconf-CRITICAL **: unable to create directory '/run/user/0/dconf': 权限不够.  dconf will not work properly.

(google-chrome:3773): dconf-CRITICAL **: unable to create directory '/run/user/0/dconf': 权限不够.  dconf will not work properly.

(google-chrome:3773): dconf-CRITICAL **: unable to create directory '/run/user/0/dconf': 权限不够.  dconf will not work properly.

(google-chrome:3773): dconf-CRITICAL **: unable to create directory '/run/user/0/dconf': 权限不够.  dconf will not work properly.

(google-chrome:3773): dconf-CRITICAL **: unable to create directory '/run/user/0/dconf': 权限不够.  dconf will not work properly.

(google-chrome:3773): dconf-CRITICAL **: unable to create directory '/run/user/0/dconf': 权限不够.  dconf will not work properly.

(google-chrome:3773): dconf-CRITICAL **: unable to create directory '/run/user/0/dconf': 权限不够.  dconf will not work properly.

(google-chrome:3773): dconf-CRITICAL **: unable to create directory '/run/user/0/dconf': 权限不够.  dconf will not work properly.

(google-chrome:3773): dconf-CRITICAL **: unable to create directory '/run/user/0/dconf': 权限不够.  dconf will not work properly.
[3773:3773:0206/193147:ERROR:background_mode_manager_aura.cc(13)] Not implemented reached in virtual void BackgroundModeManager::EnableLaunchOnStartup(bool)

(google-chrome:3773): dconf-CRITICAL **: unable to create directory '/run/user/0/dconf': 权限不够.  dconf will not work properly.

(google-chrome:3773): dconf-CRITICAL **: unable to create directory '/run/user/0/dconf': 权限不够.  dconf will not work properly.
[3773:3773:0206/193213:ERROR:navigation_entry_screenshot_manager.cc(141)] Invalid entry with unique id: 1
A Parser-blocking, cross-origin script, https://c.cnzz.com/core.php?web_id=950900&show=line&online=1&t=z, is invoked via document.write. This may be blocked by the browser if the device has poor network connectivity.
A Parser-blocking, cross-origin script, https://c.cnzz.com/core.php?web_id=950900&show=line&online=1&t=z, is invoked via document.write. This may be blocked by the browser if the device has poor network connectivity.
A Parser-blocking, cross-origin script, https://c.cnzz.com/core.php?web_id=950900&online=2&t=z, is invoked via document.write. This may be blocked by the browser if the device has poor network connectivity.
A Parser-blocking, cross-origin script, https://c.cnzz.com/core.php?web_id=950900&online=2&t=z, is invoked via document.write. This may be blocked by the browser if the device has poor network connectivity.
A Parser-blocking, cross-origin script, https://online.cnzz.com/online/online_v3.php?id=950900&h=hzs6.cnzz.com&on=1&s=line, is invoked via document.write. This may be blocked by the browser if the device has poor network connectivity.
A Parser-blocking, cross-origin script, https://online.cnzz.com/online/online_v3.php?id=950900&h=hzs6.cnzz.com&on=1&s=line, is invoked via document.write. This may be blocked by the browser if the device has poor network connectivity.
A Parser-blocking, cross-origin script, https://online.cnzz.com/online/online_v3.php?id=950900&h=hzs6.cnzz.com&on=2&s=, is invoked via document.write. This may be blocked by the browser if the device has poor network connectivity.
A Parser-blocking, cross-origin script, https://online.cnzz.com/online/online_v3.php?id=950900&h=hzs6.cnzz.com&on=2&s=, is invoked via document.write. This may be blocked by the browser if the device has poor network connectivity.
libGL error: failed to open drm device: 权限不够
libGL error: failed to load driver: i965
[4097:4097:0206/193232:ERROR:sandbox_linux.cc(343)] InitializeSandbox() called with multiple threads in process gpu-process. 
ALSA lib pcm_dmix.c:1024:(snd_pcm_dmix_open) unable to open slave
ALSA lib pcm_dmix.c:1024:(snd_pcm_dmix_open) unable to open slave
[3773:3808:0206/193243:ERROR:object_proxy.cc(583)] Failed to call method: org.gnome.SessionManager.Inhibit: object_path= /org/gnome/SessionManager: org.freedesktop.DBus.Error.ServiceUnknown: The name org.gnome.SessionManager was not provided by any .service files
[3773:3808:0206/193243:ERROR:power_save_blocker_x11.cc(334)] No response to Inhibit() request!
[3773:3808:0206/193244:ERROR:object_proxy.cc(583)] Failed to call method: org.gnome.SessionManager.Inhibit: object_path= /org/gnome/SessionManager: org.freedesktop.DBus.Error.ServiceUnknown: The name org.gnome.SessionManager was not provided by any .service files
[3773:3808:0206/193244:ERROR:power_save_blocker_x11.cc(334)] No response to Inhibit() request!
[3773:3808:0206/193300:ERROR:object_proxy.cc(583)] Failed to call method: org.gnome.SessionManager.Uninhibit: object_path= /org/gnome/SessionManager: org.freedesktop.DBus.Error.ServiceUnknown: The name org.gnome.SessionManager was not provided by any .service files
[3773:3808:0206/193300:ERROR:power_save_blocker_x11.cc(406)] No response to Uninhibit() request!
[3773:3808:0206/193302:ERROR:object_proxy.cc(583)] Failed to call method: org.gnome.SessionManager.Inhibit: object_path= /org/gnome/SessionManager: org.freedesktop.DBus.Error.ServiceUnknown: The name org.gnome.SessionManager was not provided by any .service files
[3773:3808:0206/193302:ERROR:power_save_blocker_x11.cc(334)] No response to Inhibit() request!
[3773:3808:0206/193315:ERROR:object_proxy.cc(583)] Failed to call method: org.gnome.SessionManager.Uninhibit: object_path= /org/gnome/SessionManager: org.freedesktop.DBus.Error.ServiceUnknown: The name org.gnome.SessionManager was not provided by any .service files
[3773:3808:0206/193315:ERROR:power_save_blocker_x11.cc(406)] No response to Uninhibit() request!
[3773:3808:0206/193317:ERROR:object_proxy.cc(583)] Failed to call method: org.gnome.SessionManager.Inhibit: object_path= /org/gnome/SessionManager: org.freedesktop.DBus.Error.ServiceUnknown: The name org.gnome.SessionManager was not provided by any .service files
[3773:3808:0206/193317:ERROR:power_save_blocker_x11.cc(334)] No response to Inhibit() request!
[3773:3808:0206/193352:ERROR:object_proxy.cc(583)] Failed to call method: org.gnome.SessionManager.Uninhibit: object_path= /org/gnome/SessionManager: org.freedesktop.DBus.Error.ServiceUnknown: The name org.gnome.SessionManager was not provided by any .service files
[3773:3808:0206/193352:ERROR:power_save_blocker_x11.cc(406)] No response to Uninhibit() request!
[3773:3808:0206/193358:ERROR:object_proxy.cc(583)] Failed to call method: org.gnome.SessionManager.Inhibit: object_path= /org/gnome/SessionManager: org.freedesktop.DBus.Error.ServiceUnknown: The name org.gnome.SessionManager was not provided by any .service files
[3773:3808:0206/193358:ERROR:power_save_blocker_x11.cc(334)] No response to Inhibit() request!
[3773:3808:0206/193402:ERROR:object_proxy.cc(583)] Failed to call method: org.gnome.SessionManager.Inhibit: object_path= /org/gnome/SessionManager: org.freedesktop.DBus.Error.ServiceUnknown: The name org.gnome.SessionManager was not provided by any .service files
[3773:3808:0206/193402:ERROR:power_save_blocker_x11.cc(334)] No response to Inhibit() request!
[3773:3808:0206/193451:ERROR:object_proxy.cc(583)] Failed to call method: org.gnome.SessionManager.Uninhibit: object_path= /org/gnome/SessionManager: org.freedesktop.DBus.Error.ServiceUnknown: The name org.gnome.SessionManager was not provided by any .service files
[3773:3808:0206/193451:ERROR:power_save_blocker_x11.cc(406)] No response to Uninhibit() request!
[3773:3808:0206/193453:ERROR:object_proxy.cc(583)] Failed to call method: org.gnome.SessionManager.Uninhibit: object_path= /org/gnome/SessionManager: org.freedesktop.DBus.Error.ServiceUnknown: The name org.gnome.SessionManager was not provided by any .service files
[3773:3808:0206/193453:ERROR:power_save_blocker_x11.cc(406)] No response to Uninhibit() request!
[3773:3808:0206/193538:ERROR:object_proxy.cc(583)] Failed to call method: org.gnome.SessionManager.Uninhibit: object_path= /org/gnome/SessionManager: org.freedesktop.DBus.Error.ServiceUnknown: The name org.gnome.SessionManager was not provided by any .service files
[3773:3808:0206/193538:ERROR:power_save_blocker_x11.cc(406)] No response to Uninhibit() request!
[3773:3773:0206/193816:ERROR:chrome_browser_main_extra_parts_x11.cc(66)] X IO error received (X server probably went away)
[4097:4097:0206/193816:ERROR:x11_util.cc(87)] X IO error received (X server probably went away)
[3773:3801:0206/193816:FATAL:bus.cc(1204)] D-Bus connection was disconnected. Aborting.
